Analysis & Synthesis report for CAM_file
Mon Apr 01 14:11:22 2024
Quartus Prime Version 20.1.1 Build 720 11/11/2020 SJ Lite Edition


---------------------
; Table of Contents ;
---------------------
  1. Legal Notice
  2. Analysis & Synthesis Summary
  3. Analysis & Synthesis Settings
  4. Parallel Compilation
  5. Analysis & Synthesis Source Files Read
  6. Analysis & Synthesis Resource Usage Summary
  7. Analysis & Synthesis Resource Utilization by Entity
  8. General Register Statistics
  9. Multiplexer Restructuring Statistics (Restructuring Performed)
 10. Port Connectivity Checks: "D_Flip_Flop_4bit:reg7"
 11. Port Connectivity Checks: "D_Flip_Flop_4bit:reg6"
 12. Port Connectivity Checks: "D_Flip_Flop_4bit:reg5"
 13. Port Connectivity Checks: "D_Flip_Flop_4bit:reg4"
 14. Port Connectivity Checks: "D_Flip_Flop_4bit:reg3"
 15. Port Connectivity Checks: "D_Flip_Flop_4bit:reg2"
 16. Port Connectivity Checks: "D_Flip_Flop_4bit:reg1"
 17. Port Connectivity Checks: "D_Flip_Flop_4bit:reg0"
 18. Post-Synthesis Netlist Statistics for Top Partition
 19. Elapsed Time Per Partition
 20. Analysis & Synthesis Messages
 21. Analysis & Synthesis Suppressed Messages



----------------
; Legal Notice ;
----------------
Copyright (C) 2020  Intel Corporation. All rights reserved.
Your use of Intel Corporation's design tools, logic functions 
and other software and tools, and any partner logic 
functions, and any output files from any of the foregoing 
(including device programming or simulation files), and any 
associated documentation or information are expressly subject 
to the terms and conditions of the Intel Program License 
Subscription Agreement, the Intel Quartus Prime License Agreement,
the Intel FPGA IP License Agreement, or other applicable license
agreement, including, without limitation, that your use is for
the sole purpose of programming logic devices manufactured by
Intel and sold by Intel or its authorized distributors.  Please
refer to the applicable agreement for further details, at
https://fpgasoftware.intel.com/eula.



+----------------------------------------------------------------------------------+
; Analysis & Synthesis Summary                                                     ;
+------------------------------------+---------------------------------------------+
; Analysis & Synthesis Status        ; Successful - Mon Apr 01 14:11:22 2024       ;
; Quartus Prime Version              ; 20.1.1 Build 720 11/11/2020 SJ Lite Edition ;
; Revision Name                      ; CAM_file                                    ;
; Top-level Entity Name              ; CAM_File                                    ;
; Family                             ; MAX 10                                      ;
; Total logic elements               ; 92                                          ;
;     Total combinational functions  ; 67                                          ;
;     Dedicated logic registers      ; 32                                          ;
; Total registers                    ; 32                                          ;
; Total pins                         ; 50                                          ;
; Total virtual pins                 ; 0                                           ;
; Total memory bits                  ; 0                                           ;
; Embedded Multiplier 9-bit elements ; 0                                           ;
; Total PLLs                         ; 0                                           ;
; UFM blocks                         ; 0                                           ;
; ADC blocks                         ; 0                                           ;
+------------------------------------+---------------------------------------------+


+------------------------------------------------------------------------------------------------------------+
; Analysis & Synthesis Settings                                                                              ;
+------------------------------------------------------------------+--------------------+--------------------+
; Option                                                           ; Setting            ; Default Value      ;
+------------------------------------------------------------------+--------------------+--------------------+
; Device                                                           ; 10M08DAF484C8G     ;                    ;
; Top-level entity name                                            ; CAM_File           ; CAM_file           ;
; Family name                                                      ; MAX 10             ; Cyclone V          ;
; Use smart compilation                                            ; Off                ; Off                ;
; Enable parallel Assembler and Timing Analyzer during compilation ; On                 ; On                 ;
; Enable compact report table                                      ; Off                ; Off                ;
; Restructure Multiplexers                                         ; Auto               ; Auto               ;
; Create Debugging Nodes for IP Cores                              ; Off                ; Off                ;
; Preserve fewer node names                                        ; On                 ; On                 ;
; Intel FPGA IP Evaluation Mode                                    ; Enable             ; Enable             ;
; Verilog Version                                                  ; Verilog_2001       ; Verilog_2001       ;
; VHDL Version                                                     ; VHDL_1993          ; VHDL_1993          ;
; State Machine Processing                                         ; Auto               ; Auto               ;
; Safe State Machine                                               ; Off                ; Off                ;
; Extract Verilog State Machines                                   ; On                 ; On                 ;
; Extract VHDL State Machines                                      ; On                 ; On                 ;
; Ignore Verilog initial constructs                                ; Off                ; Off                ;
; Iteration limit for constant Verilog loops                       ; 5000               ; 5000               ;
; Iteration limit for non-constant Verilog loops                   ; 250                ; 250                ;
; Add Pass-Through Logic to Inferred RAMs                          ; On                 ; On                 ;
; Infer RAMs from Raw Logic                                        ; On                 ; On                 ;
; Parallel Synthesis                                               ; On                 ; On                 ;
; DSP Block Balancing                                              ; Auto               ; Auto               ;
; NOT Gate Push-Back                                               ; On                 ; On                 ;
; Power-Up Don't Care                                              ; On                 ; On                 ;
; Remove Redundant Logic Cells                                     ; Off                ; Off                ;
; Remove Duplicate Registers                                       ; On                 ; On                 ;
; Ignore CARRY Buffers                                             ; Off                ; Off                ;
; Ignore CASCADE Buffers                                           ; Off                ; Off                ;
; Ignore GLOBAL Buffers                                            ; Off                ; Off                ;
; Ignore ROW GLOBAL Buffers                                        ; Off                ; Off                ;
; Ignore LCELL Buffers                                             ; Off                ; Off                ;
; Ignore SOFT Buffers                                              ; On                 ; On                 ;
; Limit AHDL Integers to 32 Bits                                   ; Off                ; Off                ;
; Optimization Technique                                           ; Balanced           ; Balanced           ;
; Carry Chain Length                                               ; 70                 ; 70                 ;
; Auto Carry Chains                                                ; On                 ; On                 ;
; Auto Open-Drain Pins                                             ; On                 ; On                 ;
; Perform WYSIWYG Primitive Resynthesis                            ; Off                ; Off                ;
; Auto ROM Replacement                                             ; On                 ; On                 ;
; Auto RAM Replacement                                             ; On                 ; On                 ;
; Auto DSP Block Replacement                                       ; On                 ; On                 ;
; Auto Shift Register Replacement                                  ; Auto               ; Auto               ;
; Allow Shift Register Merging across Hierarchies                  ; Auto               ; Auto               ;
; Auto Clock Enable Replacement                                    ; On                 ; On                 ;
; Strict RAM Replacement                                           ; Off                ; Off                ;
; Allow Synchronous Control Signals                                ; On                 ; On                 ;
; Force Use of Synchronous Clear Signals                           ; Off                ; Off                ;
; Auto RAM Block Balancing                                         ; On                 ; On                 ;
; Auto RAM to Logic Cell Conversion                                ; Off                ; Off                ;
; Auto Resource Sharing                                            ; Off                ; Off                ;
; Allow Any RAM Size For Recognition                               ; Off                ; Off                ;
; Allow Any ROM Size For Recognition                               ; Off                ; Off                ;
; Allow Any Shift Register Size For Recognition                    ; Off                ; Off                ;
; Use LogicLock Constraints during Resource Balancing              ; On                 ; On                 ;
; Ignore translate_off and synthesis_off directives                ; Off                ; Off                ;
; Timing-Driven Synthesis                                          ; On                 ; On                 ;
; Report Parameter Settings                                        ; On                 ; On                 ;
; Report Source Assignments                                        ; On                 ; On                 ;
; Report Connectivity Checks                                       ; On                 ; On                 ;
; Ignore Maximum Fan-Out Assignments                               ; Off                ; Off                ;
; Synchronization Register Chain Length                            ; 2                  ; 2                  ;
; Power Optimization During Synthesis                              ; Normal compilation ; Normal compilation ;
; HDL message level                                                ; Level2             ; Level2             ;
; Suppress Register Optimization Related Messages                  ; Off                ; Off                ;
; Number of Removed Registers Reported in Synthesis Report         ; 5000               ; 5000               ;
; Number of Swept Nodes Reported in Synthesis Report               ; 5000               ; 5000               ;
; Number of Inverted Registers Reported in Synthesis Report        ; 100                ; 100                ;
; Clock MUX Protection                                             ; On                 ; On                 ;
; Auto Gated Clock Conversion                                      ; Off                ; Off                ;
; Block Design Naming                                              ; Auto               ; Auto               ;
; SDC constraint protection                                        ; Off                ; Off                ;
; Synthesis Effort                                                 ; Auto               ; Auto               ;
; Shift Register Replacement - Allow Asynchronous Clear Signal     ; On                 ; On                 ;
; Pre-Mapping Resynthesis Optimization                             ; Off                ; Off                ;
; Analysis & Synthesis Message Level                               ; Medium             ; Medium             ;
; Disable Register Merging Across Hierarchies                      ; Auto               ; Auto               ;
; Resource Aware Inference For Block RAM                           ; On                 ; On                 ;
+------------------------------------------------------------------+--------------------+--------------------+


+------------------------------------------+
; Parallel Compilation                     ;
+----------------------------+-------------+
; Processors                 ; Number      ;
+----------------------------+-------------+
; Number detected on machine ; 8           ;
; Maximum allowed            ; 4           ;
;                            ;             ;
; Average used               ; 1.00        ;
; Maximum used               ; 4           ;
;                            ;             ;
; Usage by Processor         ; % Time Used ;
;     Processor 1            ; 100.0%      ;
;     Processors 2-4         ;   0.0%      ;
+----------------------------+-------------+


+--------------------------------------------------------------------------------------------------------------------------------------------------------------------------+
; Analysis & Synthesis Source Files Read                                                                                                                                   ;
+----------------------------------+-----------------+------------------------------+----------------------------------------------------------------------------+---------+
; File Name with User-Entered Path ; Used in Netlist ; File Type                    ; File Name with Absolute Path                                               ; Library ;
+----------------------------------+-----------------+------------------------------+----------------------------------------------------------------------------+---------+
; write_port.sv                    ; yes             ; User SystemVerilog HDL File  ; C:/Users/afeef/OneDrive/Documents/ECE 469/HDL_Labs/Lab_6/write_port.sv     ;         ;
; read_ports_cam.sv                ; yes             ; User SystemVerilog HDL File  ; C:/Users/afeef/OneDrive/Documents/ECE 469/HDL_Labs/Lab_6/read_ports_cam.sv ;         ;
; CAM.sv                           ; yes             ; User SystemVerilog HDL File  ; C:/Users/afeef/OneDrive/Documents/ECE 469/HDL_Labs/Lab_6/CAM.sv            ;         ;
+----------------------------------+-----------------+------------------------------+----------------------------------------------------------------------------+---------+


+---------------------------------------------------------+
; Analysis & Synthesis Resource Usage Summary             ;
+---------------------------------------------+-----------+
; Resource                                    ; Usage     ;
+---------------------------------------------+-----------+
; Estimated Total logic elements              ; 92        ;
;                                             ;           ;
; Total combinational functions               ; 67        ;
; Logic element usage by number of LUT inputs ;           ;
;     -- 4 input functions                    ; 49        ;
;     -- 3 input functions                    ; 3         ;
;     -- <=2 input functions                  ; 15        ;
;                                             ;           ;
; Logic elements by mode                      ;           ;
;     -- normal mode                          ; 67        ;
;     -- arithmetic mode                      ; 0         ;
;                                             ;           ;
; Total registers                             ; 32        ;
;     -- Dedicated logic registers            ; 32        ;
;     -- I/O registers                        ; 0         ;
;                                             ;           ;
; I/O pins                                    ; 50        ;
;                                             ;           ;
; Embedded Multiplier 9-bit elements          ; 0         ;
;                                             ;           ;
; Maximum fan-out node                        ; clk~input ;
; Maximum fan-out                             ; 32        ;
; Total fan-out                               ; 420       ;
; Average fan-out                             ; 2.11      ;
+---------------------------------------------+-----------+


+--------------------------------------------------------------------------------------------------------------------------------------------------------------------------------------------------------------------------------------------------------------------------------------------------+
; Analysis & Synthesis Resource Utilization by Entity                                                                                                                                                                                                                                              ;
+--------------------------------------+---------------------+---------------------------+-------------+------------+--------------+---------+-----------+------+--------------+------------+-------------------------------------------------------------+-------------------------+--------------+
; Compilation Hierarchy Node           ; Combinational ALUTs ; Dedicated Logic Registers ; Memory Bits ; UFM Blocks ; DSP Elements ; DSP 9x9 ; DSP 18x18 ; Pins ; Virtual Pins ; ADC blocks ; Full Hierarchy Name                                         ; Entity Name             ; Library Name ;
+--------------------------------------+---------------------+---------------------------+-------------+------------+--------------+---------+-----------+------+--------------+------------+-------------------------------------------------------------+-------------------------+--------------+
; |CAM_File                            ; 67 (0)              ; 32 (0)                    ; 0           ; 0          ; 0            ; 0       ; 0         ; 50   ; 0            ; 0          ; |CAM_File                                                   ; CAM_File                ; work         ;
;    |D_Flip_Flop_4bit:reg0|           ; 8 (8)               ; 4 (4)                     ; 0           ; 0          ; 0            ; 0       ; 0         ; 0    ; 0            ; 0          ; |CAM_File|D_Flip_Flop_4bit:reg0                             ; D_Flip_Flop_4bit        ; work         ;
;    |D_Flip_Flop_4bit:reg1|           ; 3 (3)               ; 4 (4)                     ; 0           ; 0          ; 0            ; 0       ; 0         ; 0    ; 0            ; 0          ; |CAM_File|D_Flip_Flop_4bit:reg1                             ; D_Flip_Flop_4bit        ; work         ;
;    |D_Flip_Flop_4bit:reg2|           ; 3 (3)               ; 4 (4)                     ; 0           ; 0          ; 0            ; 0       ; 0         ; 0    ; 0            ; 0          ; |CAM_File|D_Flip_Flop_4bit:reg2                             ; D_Flip_Flop_4bit        ; work         ;
;    |D_Flip_Flop_4bit:reg3|           ; 2 (2)               ; 4 (4)                     ; 0           ; 0          ; 0            ; 0       ; 0         ; 0    ; 0            ; 0          ; |CAM_File|D_Flip_Flop_4bit:reg3                             ; D_Flip_Flop_4bit        ; work         ;
;    |D_Flip_Flop_4bit:reg4|           ; 4 (4)               ; 4 (4)                     ; 0           ; 0          ; 0            ; 0       ; 0         ; 0    ; 0            ; 0          ; |CAM_File|D_Flip_Flop_4bit:reg4                             ; D_Flip_Flop_4bit        ; work         ;
;    |D_Flip_Flop_4bit:reg5|           ; 3 (3)               ; 4 (4)                     ; 0           ; 0          ; 0            ; 0       ; 0         ; 0    ; 0            ; 0          ; |CAM_File|D_Flip_Flop_4bit:reg5                             ; D_Flip_Flop_4bit        ; work         ;
;    |D_Flip_Flop_4bit:reg6|           ; 2 (2)               ; 4 (4)                     ; 0           ; 0          ; 0            ; 0       ; 0         ; 0    ; 0            ; 0          ; |CAM_File|D_Flip_Flop_4bit:reg6                             ; D_Flip_Flop_4bit        ; work         ;
;    |D_Flip_Flop_4bit:reg7|           ; 2 (2)               ; 4 (4)                     ; 0           ; 0          ; 0            ; 0       ; 0         ; 0    ; 0            ; 0          ; |CAM_File|D_Flip_Flop_4bit:reg7                             ; D_Flip_Flop_4bit        ; work         ;
;    |read_ports_cam:read1|            ; 37 (1)              ; 0 (0)                     ; 0           ; 0          ; 0            ; 0       ; 0         ; 0    ; 0            ; 0          ; |CAM_File|read_ports_cam:read1                              ; read_ports_cam          ; work         ;
;       |Lookup:l0|                    ; 2 (2)               ; 0 (0)                     ; 0           ; 0          ; 0            ; 0       ; 0         ; 0    ; 0            ; 0          ; |CAM_File|read_ports_cam:read1|Lookup:l0                    ; Lookup                  ; work         ;
;       |Lookup:l1|                    ; 3 (3)               ; 0 (0)                     ; 0           ; 0          ; 0            ; 0       ; 0         ; 0    ; 0            ; 0          ; |CAM_File|read_ports_cam:read1|Lookup:l1                    ; Lookup                  ; work         ;
;       |Lookup:l2|                    ; 3 (3)               ; 0 (0)                     ; 0           ; 0          ; 0            ; 0       ; 0         ; 0    ; 0            ; 0          ; |CAM_File|read_ports_cam:read1|Lookup:l2                    ; Lookup                  ; work         ;
;       |Lookup:l3|                    ; 3 (3)               ; 0 (0)                     ; 0           ; 0          ; 0            ; 0       ; 0         ; 0    ; 0            ; 0          ; |CAM_File|read_ports_cam:read1|Lookup:l3                    ; Lookup                  ; work         ;
;       |Lookup:l4|                    ; 3 (3)               ; 0 (0)                     ; 0           ; 0          ; 0            ; 0       ; 0         ; 0    ; 0            ; 0          ; |CAM_File|read_ports_cam:read1|Lookup:l4                    ; Lookup                  ; work         ;
;       |Lookup:l5|                    ; 3 (3)               ; 0 (0)                     ; 0           ; 0          ; 0            ; 0       ; 0         ; 0    ; 0            ; 0          ; |CAM_File|read_ports_cam:read1|Lookup:l5                    ; Lookup                  ; work         ;
;       |Lookup:l6|                    ; 3 (3)               ; 0 (0)                     ; 0           ; 0          ; 0            ; 0       ; 0         ; 0    ; 0            ; 0          ; |CAM_File|read_ports_cam:read1|Lookup:l6                    ; Lookup                  ; work         ;
;       |Lookup:l7|                    ; 3 (3)               ; 0 (0)                     ; 0           ; 0          ; 0            ; 0       ; 0         ; 0    ; 0            ; 0          ; |CAM_File|read_ports_cam:read1|Lookup:l7                    ; Lookup                  ; work         ;
;       |lowest_priority_encoder:lpe1| ; 9 (9)               ; 0 (0)                     ; 0           ; 0          ; 0            ; 0       ; 0         ; 0    ; 0            ; 0          ; |CAM_File|read_ports_cam:read1|lowest_priority_encoder:lpe1 ; lowest_priority_encoder ; work         ;
;       |priority_enc:pe1|             ; 4 (4)               ; 0 (0)                     ; 0           ; 0          ; 0            ; 0       ; 0         ; 0    ; 0            ; 0          ; |CAM_File|read_ports_cam:read1|priority_enc:pe1             ; priority_enc            ; work         ;
;    |write_port:wp1|                  ; 2 (0)               ; 0 (0)                     ; 0           ; 0          ; 0            ; 0       ; 0         ; 0    ; 0            ; 0          ; |CAM_File|write_port:wp1                                    ; write_port              ; work         ;
;       |Decoder_3_to_8:my_decoder|    ; 2 (2)               ; 0 (0)                     ; 0           ; 0          ; 0            ; 0       ; 0         ; 0    ; 0            ; 0          ; |CAM_File|write_port:wp1|Decoder_3_to_8:my_decoder          ; Decoder_3_to_8          ; work         ;
;    |write_port:wp2|                  ; 1 (0)               ; 0 (0)                     ; 0           ; 0          ; 0            ; 0       ; 0         ; 0    ; 0            ; 0          ; |CAM_File|write_port:wp2                                    ; write_port              ; work         ;
;       |Decoder_3_to_8:my_decoder|    ; 1 (1)               ; 0 (0)                     ; 0           ; 0          ; 0            ; 0       ; 0         ; 0    ; 0            ; 0          ; |CAM_File|write_port:wp2|Decoder_3_to_8:my_decoder          ; Decoder_3_to_8          ; work         ;
+--------------------------------------+---------------------+---------------------------+-------------+------------+--------------+---------+-----------+------+--------------+------------+-------------------------------------------------------------+-------------------------+--------------+
Note: For table entries with two numbers listed, the numbers in parentheses indicate the number of resources of the given type used by the specific entity alone. The numbers listed outside of parentheses indicate the total resources of the given type used by the specific entity and all of its sub-entities in the hierarchy.


+------------------------------------------------------+
; General Register Statistics                          ;
+----------------------------------------------+-------+
; Statistic                                    ; Value ;
+----------------------------------------------+-------+
; Total registers                              ; 32    ;
; Number of registers using Synchronous Clear  ; 0     ;
; Number of registers using Synchronous Load   ; 0     ;
; Number of registers using Asynchronous Clear ; 0     ;
; Number of registers using Asynchronous Load  ; 0     ;
; Number of registers using Clock Enable       ; 32    ;
; Number of registers using Preset             ; 0     ;
+----------------------------------------------+-------+


+----------------------------------------------------------------------------------------------------------------------------------------------------+
; Multiplexer Restructuring Statistics (Restructuring Performed)                                                                                     ;
+--------------------+-----------+---------------+----------------------+------------------------+------------+--------------------------------------+
; Multiplexer Inputs ; Bus Width ; Baseline Area ; Area if Restructured ; Saving if Restructured ; Registered ; Example Multiplexer Output           ;
+--------------------+-----------+---------------+----------------------+------------------------+------------+--------------------------------------+
; 3:1                ; 4 bits    ; 8 LEs         ; 4 LEs                ; 4 LEs                  ; Yes        ; |CAM_File|D_Flip_Flop_4bit:reg0|q[0] ;
; 3:1                ; 4 bits    ; 8 LEs         ; 4 LEs                ; 4 LEs                  ; Yes        ; |CAM_File|D_Flip_Flop_4bit:reg1|q[0] ;
; 3:1                ; 4 bits    ; 8 LEs         ; 4 LEs                ; 4 LEs                  ; Yes        ; |CAM_File|D_Flip_Flop_4bit:reg2|q[0] ;
; 3:1                ; 4 bits    ; 8 LEs         ; 4 LEs                ; 4 LEs                  ; Yes        ; |CAM_File|D_Flip_Flop_4bit:reg3|q[0] ;
; 3:1                ; 4 bits    ; 8 LEs         ; 4 LEs                ; 4 LEs                  ; Yes        ; |CAM_File|D_Flip_Flop_4bit:reg4|q[0] ;
; 3:1                ; 4 bits    ; 8 LEs         ; 4 LEs                ; 4 LEs                  ; Yes        ; |CAM_File|D_Flip_Flop_4bit:reg5|q[0] ;
; 3:1                ; 4 bits    ; 8 LEs         ; 4 LEs                ; 4 LEs                  ; Yes        ; |CAM_File|D_Flip_Flop_4bit:reg6|q[0] ;
; 3:1                ; 4 bits    ; 8 LEs         ; 4 LEs                ; 4 LEs                  ; Yes        ; |CAM_File|D_Flip_Flop_4bit:reg7|q[0] ;
+--------------------+-----------+---------------+----------------------+------------------------+------------+--------------------------------------+


+---------------------------------------------------+
; Port Connectivity Checks: "D_Flip_Flop_4bit:reg7" ;
+------+-------+----------+-------------------------+
; Port ; Type  ; Severity ; Details                 ;
+------+-------+----------+-------------------------+
; ri   ; Input ; Info     ; Stuck at VCC            ;
+------+-------+----------+-------------------------+


+---------------------------------------------------+
; Port Connectivity Checks: "D_Flip_Flop_4bit:reg6" ;
+----------+-------+----------+---------------------+
; Port     ; Type  ; Severity ; Details             ;
+----------+-------+----------+---------------------+
; ri[3..1] ; Input ; Info     ; Stuck at VCC        ;
; ri[0]    ; Input ; Info     ; Stuck at GND        ;
+----------+-------+----------+---------------------+


+---------------------------------------------------+
; Port Connectivity Checks: "D_Flip_Flop_4bit:reg5" ;
+----------+-------+----------+---------------------+
; Port     ; Type  ; Severity ; Details             ;
+----------+-------+----------+---------------------+
; ri[3..2] ; Input ; Info     ; Stuck at VCC        ;
; ri[1]    ; Input ; Info     ; Stuck at GND        ;
; ri[0]    ; Input ; Info     ; Stuck at VCC        ;
+----------+-------+----------+---------------------+


+---------------------------------------------------+
; Port Connectivity Checks: "D_Flip_Flop_4bit:reg4" ;
+----------+-------+----------+---------------------+
; Port     ; Type  ; Severity ; Details             ;
+----------+-------+----------+---------------------+
; ri[3..2] ; Input ; Info     ; Stuck at VCC        ;
; ri[1..0] ; Input ; Info     ; Stuck at GND        ;
+----------+-------+----------+---------------------+


+---------------------------------------------------+
; Port Connectivity Checks: "D_Flip_Flop_4bit:reg3" ;
+----------+-------+----------+---------------------+
; Port     ; Type  ; Severity ; Details             ;
+----------+-------+----------+---------------------+
; ri[1..0] ; Input ; Info     ; Stuck at VCC        ;
; ri[3]    ; Input ; Info     ; Stuck at VCC        ;
; ri[2]    ; Input ; Info     ; Stuck at GND        ;
+----------+-------+----------+---------------------+


+---------------------------------------------------+
; Port Connectivity Checks: "D_Flip_Flop_4bit:reg2" ;
+-------+-------+----------+------------------------+
; Port  ; Type  ; Severity ; Details                ;
+-------+-------+----------+------------------------+
; ri[3] ; Input ; Info     ; Stuck at VCC           ;
; ri[2] ; Input ; Info     ; Stuck at GND           ;
; ri[1] ; Input ; Info     ; Stuck at VCC           ;
; ri[0] ; Input ; Info     ; Stuck at GND           ;
+-------+-------+----------+------------------------+


+---------------------------------------------------+
; Port Connectivity Checks: "D_Flip_Flop_4bit:reg1" ;
+----------+-------+----------+---------------------+
; Port     ; Type  ; Severity ; Details             ;
+----------+-------+----------+---------------------+
; ri[2..1] ; Input ; Info     ; Stuck at GND        ;
; ri[3]    ; Input ; Info     ; Stuck at VCC        ;
; ri[0]    ; Input ; Info     ; Stuck at VCC        ;
+----------+-------+----------+---------------------+


+---------------------------------------------------+
; Port Connectivity Checks: "D_Flip_Flop_4bit:reg0" ;
+----------+-------+----------+---------------------+
; Port     ; Type  ; Severity ; Details             ;
+----------+-------+----------+---------------------+
; ri[2..0] ; Input ; Info     ; Stuck at GND        ;
; ri[3]    ; Input ; Info     ; Stuck at VCC        ;
+----------+-------+----------+---------------------+


+-----------------------------------------------------+
; Post-Synthesis Netlist Statistics for Top Partition ;
+-----------------------+-----------------------------+
; Type                  ; Count                       ;
+-----------------------+-----------------------------+
; boundary_port         ; 50                          ;
; cycloneiii_ff         ; 32                          ;
;     ENA               ; 32                          ;
; cycloneiii_lcell_comb ; 70                          ;
;     normal            ; 70                          ;
;         1 data inputs ; 3                           ;
;         2 data inputs ; 15                          ;
;         3 data inputs ; 3                           ;
;         4 data inputs ; 49                          ;
;                       ;                             ;
; Max LUT depth         ; 7.00                        ;
; Average LUT depth     ; 5.70                        ;
+-----------------------+-----------------------------+


+-------------------------------+
; Elapsed Time Per Partition    ;
+----------------+--------------+
; Partition Name ; Elapsed Time ;
+----------------+--------------+
; Top            ; 00:00:00     ;
+----------------+--------------+


+-------------------------------+
; Analysis & Synthesis Messages ;
+-------------------------------+
Info: *******************************************************************
Info: Running Quartus Prime Analysis & Synthesis
    Info: Version 20.1.1 Build 720 11/11/2020 SJ Lite Edition
    Info: Processing started: Mon Apr 01 14:11:07 2024
Info: Command: quartus_map --read_settings_files=on --write_settings_files=off CAM_file -c CAM_file
Warning (18236): Number of processors has not been specified which may cause overloading on shared machines.  Set the global assignment NUM_PARALLEL_PROCESSORS in your QSF to an appropriate value for best performance.
Info (20030): Parallel compilation is enabled and will use 4 of the 4 processors detected
Info (12021): Found 2 design units, including 2 entities, in source file write_port.sv
    Info (12023): Found entity 1: Decoder_3_to_8 File: C:/Users/afeef/OneDrive/Documents/ECE 469/HDL_Labs/Lab_6/write_port.sv Line: 2
    Info (12023): Found entity 2: write_port File: C:/Users/afeef/OneDrive/Documents/ECE 469/HDL_Labs/Lab_6/write_port.sv Line: 17
Info (12021): Found 4 design units, including 4 entities, in source file read_ports_cam.sv
    Info (12023): Found entity 1: Lookup File: C:/Users/afeef/OneDrive/Documents/ECE 469/HDL_Labs/Lab_6/read_ports_cam.sv Line: 1
    Info (12023): Found entity 2: priority_enc File: C:/Users/afeef/OneDrive/Documents/ECE 469/HDL_Labs/Lab_6/read_ports_cam.sv Line: 9
    Info (12023): Found entity 3: lowest_priority_encoder File: C:/Users/afeef/OneDrive/Documents/ECE 469/HDL_Labs/Lab_6/read_ports_cam.sv Line: 27
    Info (12023): Found entity 4: read_ports_cam File: C:/Users/afeef/OneDrive/Documents/ECE 469/HDL_Labs/Lab_6/read_ports_cam.sv Line: 46
Info (12021): Found 2 design units, including 2 entities, in source file cam.sv
    Info (12023): Found entity 1: D_Flip_Flop_4bit File: C:/Users/afeef/OneDrive/Documents/ECE 469/HDL_Labs/Lab_6/CAM.sv Line: 1
    Info (12023): Found entity 2: CAM_File File: C:/Users/afeef/OneDrive/Documents/ECE 469/HDL_Labs/Lab_6/CAM.sv Line: 15
Info (12127): Elaborating entity "CAM_File" for the top level hierarchy
Info (12128): Elaborating entity "D_Flip_Flop_4bit" for hierarchy "D_Flip_Flop_4bit:reg0" File: C:/Users/afeef/OneDrive/Documents/ECE 469/HDL_Labs/Lab_6/CAM.sv Line: 31
Info (12128): Elaborating entity "read_ports_cam" for hierarchy "read_ports_cam:read1" File: C:/Users/afeef/OneDrive/Documents/ECE 469/HDL_Labs/Lab_6/CAM.sv Line: 41
Info (12128): Elaborating entity "Lookup" for hierarchy "read_ports_cam:read1|Lookup:l0" File: C:/Users/afeef/OneDrive/Documents/ECE 469/HDL_Labs/Lab_6/read_ports_cam.sv Line: 55
Info (12128): Elaborating entity "lowest_priority_encoder" for hierarchy "read_ports_cam:read1|lowest_priority_encoder:lpe1" File: C:/Users/afeef/OneDrive/Documents/ECE 469/HDL_Labs/Lab_6/read_ports_cam.sv Line: 64
Info (12128): Elaborating entity "priority_enc" for hierarchy "read_ports_cam:read1|priority_enc:pe1" File: C:/Users/afeef/OneDrive/Documents/ECE 469/HDL_Labs/Lab_6/read_ports_cam.sv Line: 65
Info (12128): Elaborating entity "write_port" for hierarchy "write_port:wp1" File: C:/Users/afeef/OneDrive/Documents/ECE 469/HDL_Labs/Lab_6/CAM.sv Line: 54
Info (12128): Elaborating entity "Decoder_3_to_8" for hierarchy "write_port:wp1|Decoder_3_to_8:my_decoder" File: C:/Users/afeef/OneDrive/Documents/ECE 469/HDL_Labs/Lab_6/write_port.sv Line: 23
Info (286030): Timing-Driven Synthesis is running
Info (144001): Generated suppressed messages file C:/Users/afeef/OneDrive/Documents/ECE 469/HDL_Labs/Lab_6/output_files/CAM_file.map.smsg
Info (16010): Generating hard_block partition "hard_block:auto_generated_inst"
    Info (16011): Adding 0 node(s), including 0 DDIO, 0 PLL, 0 transceiver and 0 LCELL
Info (21057): Implemented 149 device resources after synthesis - the final resource count might be different
    Info (21058): Implemented 11 input pins
    Info (21059): Implemented 39 output pins
    Info (21061): Implemented 99 logic cells
Info: Quartus Prime Analysis & Synthesis was successful. 0 errors, 1 warning
    Info: Peak virtual memory: 4761 megabytes
    Info: Processing ended: Mon Apr 01 14:11:22 2024
    Info: Elapsed time: 00:00:15
    Info: Total CPU time (on all processors): 00:00:14


+------------------------------------------+
; Analysis & Synthesis Suppressed Messages ;
+------------------------------------------+
The suppressed messages can be found in C:/Users/afeef/OneDrive/Documents/ECE 469/HDL_Labs/Lab_6/output_files/CAM_file.map.smsg.


